<?xml version="1.0" encoding="UTF-8"?>
<!-- Generated by org.testng.reporters.JUnitReportReporter -->
<testsuite hostname="LAPTOP-0OGMJ3E4" failures="0" tests="3" name="myproject.completeQuiz.QualicoachHome" time="37.464" errors="0" timestamp="2021-09-14T00:54:34 IST" skipped="0">
  <testcase classname="myproject.completeQuiz.QualicoachHome" name="selectCourse" time="7.190"/>
  <system-out/>
  <testcase classname="myproject.completeQuiz.QualicoachHome" name="Quizmodule" time="2.185"/>
  <system-out/>
  <testcase classname="myproject.completeQuiz.QualicoachHome" name="navigationPage" time="28.089"/>
  <system-out/>
</testsuite> <!-- myproject.completeQuiz.QualicoachHome -->
